<?xml version="1.0" encoding="UTF-8"?>
<!-- Generated by org.testng.reporters.JUnitXMLReporter -->
<testsuite hostname="OBHAGWAT2D1" ignored="2" name="database" tests="3" failures="0" timestamp="19 Mar 2018 09:26:24 GMT" time="0.056" errors="0">
  <testcase name="loginTest" time="0.015" classname="com.ptc.DataProviderClass"/>
  <testcase name="loginTest" time="0.001" classname="com.ptc.DataProviderClass"/>
  <testcase name="thirstest3" time="0.001" classname="com.ptc.thirstest"/>
  <testcase name="MyFirstTest1" time="0.0" classname="com.ptc.MyFirstTest">
    <ignored/>
  </testcase> <!-- MyFirstTest1 -->
  <testcase name="secondTest2" time="0.0" classname="com.ptc.secondTest">
    <ignored/>
  </testcase> <!-- secondTest2 -->
</testsuite> <!-- database -->
