<?xml version="1.0" encoding="UTF-8"?>
<testng-results skipped="0" failed="0" ignored="2" total="5" passed="3">
  <reporter-output>
  </reporter-output>
  <suite name="TestAll" duration-ms="56" started-at="2018-03-19T09:26:24Z" finished-at="2018-03-19T09:26:24Z">
    <groups>
      <group name="smokeTest">
        <method signature="DataProviderClass.loginTest(java.lang.String, java.lang.String)[pri:0, instance:com.ptc.DataProviderClass@14acaea5]" name="loginTest" class="com.ptc.DataProviderClass"/>
        <method signature="thirstest.thirstest3()[pri:0, instance:com.ptc.thirstest@59fa1d9b]" name="thirstest3" class="com.ptc.thirstest"/>
      </group> <!-- smokeTest -->
    </groups>
    <test name="database" duration-ms="56" started-at="2018-03-19T09:26:24Z" finished-at="2018-03-19T09:26:24Z">
      <class name="com.ptc.thirstest">
        <test-method status="PASS" signature="thirstest3()[pri:0, instance:com.ptc.thirstest@59fa1d9b]" name="thirstest3" duration-ms="1" started-at="2018-03-19T14:56:24Z" finished-at="2018-03-19T14:56:24Z">
          <reporter-output>
          </reporter-output>
        </test-method> <!-- thirstest3 -->
      </class> <!-- com.ptc.thirstest -->
      <class name="com.ptc.DataProviderClass">
        <test-method status="PASS" signature="loginTest(java.lang.String, java.lang.String)[pri:0, instance:com.ptc.DataProviderClass@14acaea5]" name="loginTest" duration-ms="15" started-at="2018-03-19T14:56:24Z" data-provider="getData" finished-at="2018-03-19T14:56:24Z">
          <params>
            <param index="0">
              <value>
                <![CDATA[FirstUid]]>
              </value>
            </param>
            <param index="1">
              <value>
                <![CDATA[FirstPWD]]>
              </value>
            </param>
          </params>
          <reporter-output>
          </reporter-output>
        </test-method> <!-- loginTest -->
        <test-method status="PASS" signature="loginTest(java.lang.String, java.lang.String)[pri:0, instance:com.ptc.DataProviderClass@14acaea5]" name="loginTest" duration-ms="1" started-at="2018-03-19T14:56:24Z" data-provider="getData" finished-at="2018-03-19T14:56:24Z">
          <params>
            <param index="0">
              <value>
                <![CDATA[SecondUid]]>
              </value>
            </param>
            <param index="1">
              <value>
                <![CDATA[SecondPWD]]>
              </value>
            </param>
          </params>
          <reporter-output>
          </reporter-output>
        </test-method> <!-- loginTest -->
      </class> <!-- com.ptc.DataProviderClass -->
    </test> <!-- database -->
  </suite> <!-- TestAll -->
</testng-results>
