<?xml version="1.0" encoding="UTF-8"?>
<!-- Generated by org.testng.reporters.JUnitXMLReporter -->
<testsuite hostname="OBHAGWAT2D1" ignored="0" name="Default test" tests="5" failures="0" timestamp="19 Mar 2018 09:18:01 GMT" time="0.06" errors="0">
  <testcase name="secondTest2" time="0.006" classname="com.ptc.secondTest"/>
  <testcase name="thirstest3" time="0.002" classname="com.ptc.thirstest"/>
  <testcase name="MyFirstTest1" time="0.001" classname="com.ptc.MyFirstTest"/>
  <testcase name="loginTest" time="0.002" classname="com.ptc.DataProviderClass"/>
  <testcase name="loginTest" time="0.001" classname="com.ptc.DataProviderClass"/>
</testsuite> <!-- Default test -->
